[16:22:46] [main/INFO]: Setting user: Player999
[16:22:49] [Client thread/INFO]: LWJGL Version: 2.9.1
[16:22:59] [Client thread/INFO]: Reloading ResourceManager: Default, FMLFileResourcePack:Forge Mod Loader, FMLFileResourcePack:Minecraft Forge, FMLFileResourcePack:Lets Mod Reboot
[16:23:02] [Sound Library Loader/INFO]: Sound engine started
[16:23:05] [Client thread/INFO]: Created: 512x256 textures/blocks-atlas
[16:23:05] [Client thread/INFO]: Created: 256x256 textures/items-atlas
[16:23:05] [Client thread/INFO]: Reloading ResourceManager: Default, FMLFileResourcePack:Forge Mod Loader, FMLFileResourcePack:Minecraft Forge, FMLFileResourcePack:Lets Mod Reboot
[16:23:06] [Client thread/INFO]: Created: 256x256 textures/items-atlas
[16:23:06] [Client thread/INFO]: Created: 512x256 textures/blocks-atlas
[16:23:07] [Sound Library Loader/INFO]: Sound engine started
[16:23:14] [Server thread/INFO]: Starting integrated minecraft server version 1.7.10
[16:23:14] [Server thread/INFO]: Generating keypair
[16:23:15] [Server thread/INFO]: Preparing start region for level 0
[16:23:16] [Server thread/INFO]: Changing view distance to 12, from 10
[16:23:17] [Server thread/INFO]: Player999[local:E:0ed2f06e] logged in with entity id 281 at (1630.5257680462396, 4.322111879733395, -280.4384295640737)
[16:23:17] [Server thread/INFO]: Player999 joined the game
[16:23:22] [Server thread/WARN]: Can't keep up! Did the system time change, or is the server overloaded? Running 2929ms behind, skipping 58 tick(s)
[16:23:25] [Server thread/INFO]: Player999 has just earned the achievement [Taking Inventory]
[16:23:25] [Client thread/INFO]: [CHAT] Player999 has just earned the achievement [Taking Inventory]
[16:23:35] [pool-2-thread-1/WARN]: Couldn't look up profile properties for com.mojang.authlib.GameProfile@cb48449[id=3c28cca8-db38-324d-ac91-779beed87c8d,name=Player999,properties={},legacy=false]
com.mojang.authlib.exceptions.AuthenticationUnavailableException: Cannot contact authentication server
	at com.mojang.authlib.yggdrasil.YggdrasilAuthenticationService.makeRequest(YggdrasilAuthenticationService.java:71) ~[YggdrasilAuthenticationService.class:?]
	at com.mojang.authlib.yggdrasil.YggdrasilMinecraftSessionService.fillGameProfile(YggdrasilMinecraftSessionService.java:158) [YggdrasilMinecraftSessionService.class:?]
	at com.mojang.authlib.yggdrasil.YggdrasilMinecraftSessionService$1.load(YggdrasilMinecraftSessionService.java:53) [YggdrasilMinecraftSessionService$1.class:?]
	at com.mojang.authlib.yggdrasil.YggdrasilMinecraftSessionService$1.load(YggdrasilMinecraftSessionService.java:50) [YggdrasilMinecraftSessionService$1.class:?]
	at com.google.common.cache.LocalCache$LoadingValueReference.loadFuture(LocalCache.java:3524) [guava-17.0.jar:?]
	at com.google.common.cache.LocalCache$Segment.loadSync(LocalCache.java:2317) [guava-17.0.jar:?]
	at com.google.common.cache.LocalCache$Segment.lockedGetOrLoad(LocalCache.java:2280) [guava-17.0.jar:?]
	at com.google.common.cache.LocalCache$Segment.get(LocalCache.java:2195) [guava-17.0.jar:?]
	at com.google.common.cache.LocalCache.get(LocalCache.java:3934) [guava-17.0.jar:?]
	at com.google.common.cache.LocalCache.getOrLoad(LocalCache.java:3938) [guava-17.0.jar:?]
	at com.google.common.cache.LocalCache$LocalLoadingCache.get(LocalCache.java:4821) [guava-17.0.jar:?]
	at com.google.common.cache.LocalCache$LocalLoadingCache.getUnchecked(LocalCache.java:4827) [guava-17.0.jar:?]
	at com.mojang.authlib.yggdrasil.YggdrasilMinecraftSessionService.fillProfileProperties(YggdrasilMinecraftSessionService.java:148) [YggdrasilMinecraftSessionService.class:?]
	at net.minecraft.client.resources.SkinManager$3.run(SkinManager.java:133) [SkinManager$3.class:?]
	at java.util.concurrent.Executors$RunnableAdapter.call(Executors.java:471) [?:1.7.0_71]
	at java.util.concurrent.FutureTask.run(FutureTask.java:262) [?:1.7.0_71]
	at java.util.concurrent.ThreadPoolExecutor.runWorker(ThreadPoolExecutor.java:1145) [?:1.7.0_71]
	at java.util.concurrent.ThreadPoolExecutor$Worker.run(ThreadPoolExecutor.java:615) [?:1.7.0_71]
	at java.lang.Thread.run(Thread.java:745) [?:1.7.0_71]
Caused by: java.net.SocketTimeoutException: connect timed out
	at java.net.DualStackPlainSocketImpl.waitForConnect(Native Method) ~[?:1.7.0_71]
	at java.net.DualStackPlainSocketImpl.socketConnect(DualStackPlainSocketImpl.java:85) ~[?:1.7.0_71]
	at java.net.AbstractPlainSocketImpl.doConnect(AbstractPlainSocketImpl.java:339) ~[?:1.7.0_71]
	at java.net.AbstractPlainSocketImpl.connectToAddress(AbstractPlainSocketImpl.java:200) ~[?:1.7.0_71]
	at java.net.AbstractPlainSocketImpl.connect(AbstractPlainSocketImpl.java:182) ~[?:1.7.0_71]
	at java.net.PlainSocketImpl.connect(PlainSocketImpl.java:172) ~[?:1.7.0_71]
	at java.net.SocksSocketImpl.connect(SocksSocketImpl.java:392) ~[?:1.7.0_71]
	at java.net.Socket.connect(Socket.java:579) ~[?:1.7.0_71]
	at sun.security.ssl.SSLSocketImpl.connect(SSLSocketImpl.java:618) ~[?:1.7.0_71]
	at sun.net.NetworkClient.doConnect(NetworkClient.java:175) ~[?:1.7.0_71]
	at sun.net.www.http.HttpClient.openServer(HttpClient.java:432) ~[?:1.7.0_71]
	at sun.net.www.http.HttpClient.openServer(HttpClient.java:527) ~[?:1.7.0_71]
	at sun.net.www.protocol.https.HttpsClient.<init>(HttpsClient.java:275) ~[?:1.7.0_71]
	at sun.net.www.protocol.https.HttpsClient.New(HttpsClient.java:371) ~[?:1.7.0_71]
	at sun.net.www.protocol.https.AbstractDelegateHttpsURLConnection.getNewHttpClient(AbstractDelegateHttpsURLConnection.java:191) ~[?:1.7.0_71]
	at sun.net.www.protocol.http.HttpURLConnection.plainConnect(HttpURLConnection.java:975) ~[?:1.7.0_71]
	at sun.net.www.protocol.https.AbstractDelegateHttpsURLConnection.connect(AbstractDelegateHttpsURLConnection.java:177) ~[?:1.7.0_71]
	at sun.net.www.protocol.http.HttpURLConnection.getInputStream(HttpURLConnection.java:1300) ~[?:1.7.0_71]
	at sun.net.www.protocol.https.HttpsURLConnectionImpl.getInputStream(HttpsURLConnectionImpl.java:254) ~[?:1.7.0_71]
	at com.mojang.authlib.HttpAuthenticationService.performGetRequest(HttpAuthenticationService.java:126) ~[HttpAuthenticationService.class:?]
	at com.mojang.authlib.yggdrasil.YggdrasilAuthenticationService.makeRequest(YggdrasilAuthenticationService.java:54) ~[YggdrasilAuthenticationService.class:?]
	... 18 more
[16:23:35] [Server thread/INFO]: Saving and pausing game...
[16:23:35] [Server thread/INFO]: Saving chunks for level 'New World'/Overworld
[16:23:35] [Server thread/INFO]: Saving chunks for level 'New World'/Nether
[16:23:35] [Server thread/INFO]: Saving chunks for level 'New World'/The End
[16:23:36] [Server thread/INFO]: Stopping server
[16:23:36] [Server thread/INFO]: Saving players
[16:23:36] [Server thread/INFO]: Saving worlds
[16:23:36] [Server thread/INFO]: Saving chunks for level 'New World'/Overworld
[16:23:36] [Server thread/INFO]: Saving chunks for level 'New World'/Nether
[16:23:36] [Server thread/INFO]: Saving chunks for level 'New World'/The End
[16:23:37] [Client thread/INFO]: Stopping!
